<?xml version="1.0" encoding="UTF-8"?>
<testng-results ignored="0" total="2" passed="2" failed="0" skipped="0">
  <reporter-output>
  </reporter-output>
  <suite started-at="2023-03-01T18:58:40 IST" name="Default suite" finished-at="2023-03-01T18:58:44 IST" duration-ms="4002">
    <groups>
    </groups>
    <test started-at="2023-03-01T18:58:40 IST" name="Default test" finished-at="2023-03-01T18:58:44 IST" duration-ms="4002">
      <class name="testingNG.Samp">
        <test-method signature="launch()[pri:0, instance:testingNG.Samp@1e6a3214]" started-at="2023-03-01T18:58:40 IST" name="launch" finished-at="2023-03-01T18:58:44 IST" duration-ms="3917" status="PASS">
          <reporter-output>
          </reporter-output>
        </test-method> <!-- launch -->
        <test-method signature="launch()[pri:0, instance:testingNG.Samp@1e6a3214]" started-at="2023-03-01T18:58:40 IST" name="launch" finished-at="2023-03-01T18:58:44 IST" duration-ms="3941" status="PASS">
          <reporter-output>
          </reporter-output>
        </test-method> <!-- launch -->
      </class> <!-- testingNG.Samp -->
    </test> <!-- Default test -->
  </suite> <!-- Default suite -->
</testng-results>
